# JRE version: OpenJDK Runtime Environment Temurin-21.0.9+10 (21.0.9+10) (build 21.0.9+10-LTS)
# Java VM: OpenJDK 64-Bit Server VM Temurin-21.0.9+10 (21.0.9+10-LTS, mixed mode, sharing, tiered, compressed oops, compressed class ptrs, parallel gc, windows-amd64)
GC Precious Log:
 CardTable entry size: 512
 CPUs: 12 total, 12 available
 Memory: 7501M
 Large Page Support: Disabled
 NUMA Support: Disabled
 Compressed Oops: Enabled (32-bit)
 Alignments: Space 512K, Generation 512K, Heap 2M
 Heap Min Capacity: 100M
 Heap Initial Capacity: 100M
 Heap Max Capacity: 2G
 Pre-touch: Disabled
 Parallel Workers: 10
Heap:
 PSYoungGen      total 7680K, used 1898K [0x00000000d5580000, 0x00000000d5f80000, 0x0000000100000000)
  eden space 6144K, 13% used [0x00000000d5580000,0x00000000d564aa80,0x00000000d5b80000)
  from space 1536K, 70% used [0x00000000d5b80000,0x00000000d5c90000,0x00000000d5d00000)
  to   space 2048K, 0% used [0x00000000d5d80000,0x00000000d5d80000,0x00000000d5f80000)
 ParOldGen       total 464384K, used 100816K [0x0000000080000000, 0x000000009c580000, 0x00000000d5580000)
  object space 464384K, 21% used [0x0000000080000000,0x0000000086274008,0x000000009c580000)
 Metaspace       used 76804K, committed 79424K, reserved 1179648K
  class space    used 7865K, committed 8832K, reserved 1048576K
GC Heap History (20 events):
Event: 7843.552 GC heap before
{Heap before GC invocations=819 (full 4):
 PSYoungGen      total 8192K, used 8000K [0x00000000d5580000, 0x00000000d5e80000, 0x0000000100000000)
  eden space 7680K, 100% used [0x00000000d5580000,0x00000000d5d00000,0x00000000d5d00000)
  from space 512K, 62% used [0x00000000d5e00000,0x00000000d5e50000,0x00000000d5e80000)
  to   space 512K, 0% used [0x00000000d5d00000,0x00000000d5d00000,0x00000000d5d80000)
 ParOldGen       total 464384K, used 90571K [0x0000000080000000, 0x000000009c580000, 0x00000000d5580000)
  object space 464384K, 19% used [0x0000000080000000,0x0000000085872e68,0x000000009c580000)
 Metaspace       used 76497K, committed 79424K, reserved 1179648K
  class space    used 7860K, committed 8832K, reserved 1048576K
}
Event: 7843.554 GC heap after
{Heap after GC invocations=819 (full 4):
 PSYoungGen      total 8192K, used 320K [0x00000000d5580000, 0x00000000d5e80000, 0x0000000100000000)
  eden space 7680K, 0% used [0x00000000d5580000,0x00000000d5580000,0x00000000d5d00000)
  from space 512K, 62% used [0x00000000d5d00000,0x00000000d5d50000,0x00000000d5d80000)
  to   space 512K, 0% used [0x00000000d5e00000,0x00000000d5e00000,0x00000000d5e80000)
 ParOldGen       total 464384K, used 90723K [0x0000000080000000, 0x000000009c580000, 0x00000000d5580000)
  object space 464384K, 19% used [0x0000000080000000,0x0000000085898e68,0x000000009c580000)
 Metaspace       used 76497K, committed 79424K, reserved 1179648K
  class space    used 7860K, committed 8832K, reserved 1048576K
}
Event: 7843.581 GC heap before
{Heap before GC invocations=820 (full 4):
 PSYoungGen      total 8192K, used 8000K [0x00000000d5580000, 0x00000000d5e80000, 0x0000000100000000)
  eden space 7680K, 100% used [0x00000000d5580000,0x00000000d5d00000,0x00000000d5d00000)
  from space 512K, 62% used [0x00000000d5d00000,0x00000000d5d50000,0x00000000d5d80000)
  to   space 512K, 0% used [0x00000000d5e00000,0x00000000d5e00000,0x00000000d5e80000)
 ParOldGen       total 464384K, used 90723K [0x0000000080000000, 0x000000009c580000, 0x00000000d5580000)
  object space 464384K, 19% used [0x0000000080000000,0x0000000085898e68,0x000000009c580000)
 Metaspace       used 76497K, committed 79424K, reserved 1179648K
  class space    used 7860K, committed 8832K, reserved 1048576K
}
Event: 7843.582 GC heap after
{Heap after GC invocations=820 (full 4):
 PSYoungGen      total 8192K, used 413K [0x00000000d5580000, 0x00000000d5e80000, 0x0000000100000000)
  eden space 7680K, 0% used [0x00000000d5580000,0x00000000d5580000,0x00000000d5d00000)
  from space 512K, 80% used [0x00000000d5e00000,0x00000000d5e67760,0x00000000d5e80000)
  to   space 512K, 0% used [0x00000000d5d00000,0x00000000d5d00000,0x00000000d5d80000)
 ParOldGen       total 464384K, used 90875K [0x0000000080000000, 0x000000009c580000, 0x00000000d5580000)
  object space 464384K, 19% used [0x0000000080000000,0x00000000858bee68,0x000000009c580000)
 Metaspace       used 76497K, committed 79424K, reserved 1179648K
  class space    used 7860K, committed 8832K, reserved 1048576K
}
Event: 7843.612 GC heap before
{Heap before GC invocations=821 (full 4):
 PSYoungGen      total 8192K, used 7639K [0x00000000d5580000, 0x00000000d5e80000, 0x0000000100000000)
  eden space 7680K, 94% used [0x00000000d5580000,0x00000000d5c8e7f8,0x00000000d5d00000)
  from space 512K, 80% used [0x00000000d5e00000,0x00000000d5e67760,0x00000000d5e80000)
  to   space 512K, 0% used [0x00000000d5d00000,0x00000000d5d00000,0x00000000d5d80000)
 ParOldGen       total 464384K, used 90875K [0x0000000080000000, 0x000000009c580000, 0x00000000d5580000)
  object space 464384K, 19% used [0x0000000080000000,0x00000000858bee68,0x000000009c580000)
 Metaspace       used 76497K, committed 79424K, reserved 1179648K
  class space    used 7860K, committed 8832K, reserved 1048576K
}
Event: 7843.618 GC heap after
{Heap after GC invocations=821 (full 4):
 PSYoungGen      total 8192K, used 288K [0x00000000d5580000, 0x00000000d5e80000, 0x0000000100000000)
  eden space 7680K, 0% used [0x00000000d5580000,0x00000000d5580000,0x00000000d5d00000)
  from space 512K, 56% used [0x00000000d5d00000,0x00000000d5d48000,0x00000000d5d80000)
  to   space 512K, 0% used [0x00000000d5e00000,0x00000000d5e00000,0x00000000d5e80000)
 ParOldGen       total 464384K, used 91035K [0x0000000080000000, 0x000000009c580000, 0x00000000d5580000)
  object space 464384K, 19% used [0x0000000080000000,0x00000000858e6e68,0x000000009c580000)
 Metaspace       used 76497K, committed 79424K, reserved 1179648K
  class space    used 7860K, committed 8832K, reserved 1048576K
}
Event: 7843.913 GC heap before
{Heap before GC invocations=822 (full 4):
 PSYoungGen      total 8192K, used 7965K [0x00000000d5580000, 0x00000000d5e80000, 0x0000000100000000)
  eden space 7680K, 99% used [0x00000000d5580000,0x00000000d5cff6b8,0x00000000d5d00000)
  from space 512K, 56% used [0x00000000d5d00000,0x00000000d5d48000,0x00000000d5d80000)
  to   space 512K, 0% used [0x00000000d5e00000,0x00000000d5e00000,0x00000000d5e80000)
 ParOldGen       total 464384K, used 91035K [0x0000000080000000, 0x000000009c580000, 0x00000000d5580000)
  object space 464384K, 19% used [0x0000000080000000,0x00000000858e6e68,0x000000009c580000)
 Metaspace       used 76507K, committed 79424K, reserved 1179648K
  class space    used 7860K, committed 8832K, reserved 1048576K
}
Event: 7843.915 GC heap after
{Heap after GC invocations=822 (full 4):
 PSYoungGen      total 8192K, used 480K [0x00000000d5580000, 0x00000000d5f00000, 0x0000000100000000)
  eden space 7680K, 0% used [0x00000000d5580000,0x00000000d5580000,0x00000000d5d00000)
  from space 512K, 93% used [0x00000000d5e00000,0x00000000d5e78000,0x00000000d5e80000)
  to   space 1024K, 0% used [0x00000000d5d00000,0x00000000d5d00000,0x00000000d5e00000)
 ParOldGen       total 464384K, used 91219K [0x0000000080000000, 0x000000009c580000, 0x00000000d5580000)
  object space 464384K, 19% used [0x0000000080000000,0x0000000085914e88,0x000000009c580000)
 Metaspace       used 76507K, committed 79424K, reserved 1179648K
  class space    used 7860K, committed 8832K, reserved 1048576K
}
Event: 7844.023 GC heap before
{Heap before GC invocations=823 (full 4):
 PSYoungGen      total 8192K, used 8160K [0x00000000d5580000, 0x00000000d5f00000, 0x0000000100000000)
  eden space 7680K, 100% used [0x00000000d5580000,0x00000000d5d00000,0x00000000d5d00000)
  from space 512K, 93% used [0x00000000d5e00000,0x00000000d5e78000,0x00000000d5e80000)
  to   space 1024K, 0% used [0x00000000d5d00000,0x00000000d5d00000,0x00000000d5e00000)
 ParOldGen       total 464384K, used 91219K [0x0000000080000000, 0x000000009c580000, 0x00000000d5580000)
  object space 464384K, 19% used [0x0000000080000000,0x0000000085914e88,0x000000009c580000)
 Metaspace       used 76507K, committed 79424K, reserved 1179648K
  class space    used 7860K, committed 8832K, reserved 1048576K
}
Event: 7844.024 GC heap after
{Heap after GC invocations=823 (full 4):
 PSYoungGen      total 8704K, used 999K [0x00000000d5580000, 0x00000000d6100000, 0x0000000100000000)
  eden space 7680K, 0% used [0x00000000d5580000,0x00000000d5580000,0x00000000d5d00000)
  from space 1024K, 97% used [0x00000000d5d00000,0x00000000d5df9da8,0x00000000d5e00000)
  to   space 2048K, 0% used [0x00000000d5f00000,0x00000000d5f00000,0x00000000d6100000)
 ParOldGen       total 464384K, used 91650K [0x0000000080000000, 0x000000009c580000, 0x00000000d5580000)
  object space 464384K, 19% used [0x0000000080000000,0x0000000085980aa8,0x000000009c580000)
 Metaspace       used 76507K, committed 79424K, reserved 1179648K
  class space    used 7860K, committed 8832K, reserved 1048576K
}
Event: 7844.061 GC heap before
{Heap before GC invocations=824 (full 4):
 PSYoungGen      total 8704K, used 8679K [0x00000000d5580000, 0x00000000d6100000, 0x0000000100000000)
  eden space 7680K, 100% used [0x00000000d5580000,0x00000000d5d00000,0x00000000d5d00000)
  from space 1024K, 97% used [0x00000000d5d00000,0x00000000d5df9da8,0x00000000d5e00000)
  to   space 2048K, 0% used [0x00000000d5f00000,0x00000000d5f00000,0x00000000d6100000)
 ParOldGen       total 464384K, used 91650K [0x0000000080000000, 0x000000009c580000, 0x00000000d5580000)
  object space 464384K, 19% used [0x0000000080000000,0x0000000085980aa8,0x000000009c580000)
 Metaspace       used 76507K, committed 79424K, reserved 1179648K
  class space    used 7860K, committed 8832K, reserved 1048576K
}
Event: 7844.061 GC heap after
{Heap after GC invocations=824 (full 4):
 PSYoungGen      total 8192K, used 256K [0x00000000d5580000, 0x00000000d5f80000, 0x0000000100000000)
  eden space 7680K, 0% used [0x00000000d5580000,0x00000000d5580000,0x00000000d5d00000)
  from space 512K, 50% used [0x00000000d5f00000,0x00000000d5f40000,0x00000000d5f80000)
  to   space 1024K, 0% used [0x00000000d5d80000,0x00000000d5d80000,0x00000000d5e80000)
 ParOldGen       total 464384K, used 91714K [0x0000000080000000, 0x000000009c580000, 0x00000000d5580000)
  object space 464384K, 19% used [0x0000000080000000,0x0000000085990aa8,0x000000009c580000)
 Metaspace       used 76507K, committed 79424K, reserved 1179648K
  class space    used 7860K, committed 8832K, reserved 1048576K
}
Event: 7844.807 GC heap before
{Heap before GC invocations=825 (full 4):
 PSYoungGen      total 8192K, used 7936K [0x00000000d5580000, 0x00000000d5f80000, 0x0000000100000000)
  eden space 7680K, 100% used [0x00000000d5580000,0x00000000d5d00000,0x00000000d5d00000)
  from space 512K, 50% used [0x00000000d5f00000,0x00000000d5f40000,0x00000000d5f80000)
  to   space 1024K, 0% used [0x00000000d5d80000,0x00000000d5d80000,0x00000000d5e80000)
 ParOldGen       total 464384K, used 91714K [0x0000000080000000, 0x000000009c580000, 0x00000000d5580000)
  object space 464384K, 19% used [0x0000000080000000,0x0000000085990aa8,0x000000009c580000)
 Metaspace       used 76508K, committed 79424K, reserved 1179648K
  class space    used 7860K, committed 8832K, reserved 1048576K
}
Event: 7844.808 GC heap after
{Heap after GC invocations=825 (full 4):
 PSYoungGen      total 8704K, used 480K [0x00000000d5580000, 0x00000000d5f80000, 0x0000000100000000)
  eden space 7680K, 0% used [0x00000000d5580000,0x00000000d5580000,0x00000000d5d00000)
  from space 1024K, 46% used [0x00000000d5d80000,0x00000000d5df8020,0x00000000d5e80000)
  to   space 1024K, 0% used [0x00000000d5e80000,0x00000000d5e80000,0x00000000d5f80000)
 ParOldGen       total 464384K, used 91746K [0x0000000080000000, 0x000000009c580000, 0x00000000d5580000)
  object space 464384K, 19% used [0x0000000080000000,0x0000000085998aa8,0x000000009c580000)
 Metaspace       used 76508K, committed 79424K, reserved 1179648K
  class space    used 7860K, committed 8832K, reserved 1048576K
}
Event: 7844.912 GC heap before
{Heap before GC invocations=826 (full 4):
 PSYoungGen      total 8704K, used 8160K [0x00000000d5580000, 0x00000000d5f80000, 0x0000000100000000)
  eden space 7680K, 100% used [0x00000000d5580000,0x00000000d5d00000,0x00000000d5d00000)
  from space 1024K, 46% used [0x00000000d5d80000,0x00000000d5df8020,0x00000000d5e80000)
  to   space 1024K, 0% used [0x00000000d5e80000,0x00000000d5e80000,0x00000000d5f80000)
 ParOldGen       total 464384K, used 91746K [0x0000000080000000, 0x000000009c580000, 0x00000000d5580000)
  object space 464384K, 19% used [0x0000000080000000,0x0000000085998aa8,0x000000009c580000)
 Metaspace       used 76519K, committed 79424K, reserved 1179648K
  class space    used 7860K, committed 8832K, reserved 1048576K
}
Event: 7846.922 GC heap after
{Heap after GC invocations=826 (full 4):
 PSYoungGen      total 8704K, used 1015K [0x00000000d5580000, 0x00000000d5f80000, 0x0000000100000000)
  eden space 7680K, 0% used [0x00000000d5580000,0x00000000d5580000,0x00000000d5d00000)
  from space 1024K, 99% used [0x00000000d5e80000,0x00000000d5f7dfe8,0x00000000d5f80000)
  to   space 1024K, 0% used [0x00000000d5d80000,0x00000000d5d80000,0x00000000d5e80000)
 ParOldGen       total 464384K, used 96864K [0x0000000080000000, 0x000000009c580000, 0x00000000d5580000)
  object space 464384K, 20% used [0x0000000080000000,0x0000000085e98078,0x000000009c580000)
 Metaspace       used 76519K, committed 79424K, reserved 1179648K
  class space    used 7860K, committed 8832K, reserved 1048576K
}
Event: 7848.040 GC heap before
{Heap before GC invocations=827 (full 4):
 PSYoungGen      total 8704K, used 8695K [0x00000000d5580000, 0x00000000d5f80000, 0x0000000100000000)
  eden space 7680K, 100% used [0x00000000d5580000,0x00000000d5d00000,0x00000000d5d00000)
  from space 1024K, 99% used [0x00000000d5e80000,0x00000000d5f7dfe8,0x00000000d5f80000)
  to   space 1024K, 0% used [0x00000000d5d80000,0x00000000d5d80000,0x00000000d5e80000)
 ParOldGen       total 464384K, used 96864K [0x0000000080000000, 0x000000009c580000, 0x00000000d5580000)
  object space 464384K, 20% used [0x0000000080000000,0x0000000085e98078,0x000000009c580000)
 Metaspace       used 76550K, committed 79424K, reserved 1179648K
  class space    used 7861K, committed 8832K, reserved 1048576K
}
Event: 7850.080 GC heap after
{Heap after GC invocations=827 (full 4):
 PSYoungGen      total 8704K, used 1024K [0x00000000d5580000, 0x00000000d5f80000, 0x0000000100000000)
  eden space 7680K, 0% used [0x00000000d5580000,0x00000000d5580000,0x00000000d5d00000)
  from space 1024K, 100% used [0x00000000d5d80000,0x00000000d5e80000,0x00000000d5e80000)
  to   space 1024K, 0% used [0x00000000d5e80000,0x00000000d5e80000,0x00000000d5f80000)
 ParOldGen       total 464384K, used 98321K [0x0000000080000000, 0x000000009c580000, 0x00000000d5580000)
  object space 464384K, 21% used [0x0000000080000000,0x0000000086004538,0x000000009c580000)
 Metaspace       used 76550K, committed 79424K, reserved 1179648K
  class space    used 7861K, committed 8832K, reserved 1048576K
}
Event: 7850.502 GC heap before
{Heap before GC invocations=828 (full 4):
 PSYoungGen      total 8704K, used 8704K [0x00000000d5580000, 0x00000000d5f80000, 0x0000000100000000)
  eden space 7680K, 100% used [0x00000000d5580000,0x00000000d5d00000,0x00000000d5d00000)
  from space 1024K, 100% used [0x00000000d5d80000,0x00000000d5e80000,0x00000000d5e80000)
  to   space 1024K, 0% used [0x00000000d5e80000,0x00000000d5e80000,0x00000000d5f80000)
 ParOldGen       total 464384K, used 98321K [0x0000000080000000, 0x000000009c580000, 0x00000000d5580000)
  object space 464384K, 21% used [0x0000000080000000,0x0000000086004538,0x000000009c580000)
 Metaspace       used 76664K, committed 79424K, reserved 1179648K
  class space    used 7863K, committed 8832K, reserved 1048576K
}
Event: 7851.505 GC heap after
{Heap after GC invocations=828 (full 4):
 PSYoungGen      total 7168K, used 1024K [0x00000000d5580000, 0x00000000d6300000, 0x0000000100000000)
  eden space 6144K, 0% used [0x00000000d5580000,0x00000000d5580000,0x00000000d5b80000)
  from space 1024K, 100% used [0x00000000d5e80000,0x00000000d5f80000,0x00000000d5f80000)
  to   space 3072K, 0% used [0x00000000d5b80000,0x00000000d5b80000,0x00000000d5e80000)
 ParOldGen       total 464384K, used 99793K [0x0000000080000000, 0x000000009c580000, 0x00000000d5580000)
  object space 464384K, 21% used [0x0000000080000000,0x0000000086174538,0x000000009c580000)
 Metaspace       used 76664K, committed 79424K, reserved 1179648K
  class space    used 7863K, committed 8832K, reserved 1048576K
}

